This is pdfTeX, Version 3.141592653-2.6-1.40.23 (TeX Live 2021/Arch Linux) (preloaded format=pdflatex 2022.4.10)  10 APR 2022 19:28
entering extended mode
 restricted \write18 enabled.
 %&-line parsing enabled.
**main.tex
(./main.tex
LaTeX2e <2021-11-15> patch level 1
L3 programming layer <2021-11-22>
(/usr/share/texmf-dist/tex/latex/base/article.cls
Document Class: article 2021/10/04 v1.4n Standard LaTeX document class
(/usr/share/texmf-dist/tex/latex/base/size12.clo
File: size12.clo 2021/10/04 v1.4n Standard LaTeX file (size option)
)
\c@part=\count183
\c@section=\count184
\c@subsection=\count185
\c@subsubsection=\count186
\c@paragraph=\count187
\c@subparagraph=\count188
\c@figure=\count189
\c@table=\count190
\abovecaptionskip=\skip47
\belowcaptionskip=\skip48
\bibindent=\dimen138
)
(/usr/share/texmf-dist/tex/latex/base/inputenc.sty
Package: inputenc 2021/02/14 v1.3d Input encoding file
\inpenc@prehook=\toks16
\inpenc@posthook=\toks17
)
(/usr/share/texmf-dist/tex/generic/babel/babel.sty
Package: babel 2021/11/29 3.67 The Babel package
\babel@savecnt=\count191
\U@D=\dimen139
\l@unhyphenated=\language87

(/usr/share/texmf-dist/tex/generic/babel/txtbabel.def)
\bbl@readstream=\read2
\bbl@dirlevel=\count192

(/usr/share/texmf-dist/tex/generic/babel-portuges/brazil.ldf
Language: portuges 2021/07/09 v1.2t Portuguese support from the babel system
Package babel Info: Hyphen rules for 'brazil' set to \l@portuguese
(babel)             (\language70). Reported on input line 111.
Package babel Info: Making " an active character on input line 143.
))
(/usr/share/texmf-dist/tex/latex/geometry/geometry.sty
Package: geometry 2020/01/02 v5.9 Page Geometry

(/usr/share/texmf-dist/tex/latex/graphics/keyval.sty
Package: keyval 2014/10/28 v1.15 key=value parser (DPC)
\KV@toks@=\toks18
)
(/usr/share/texmf-dist/tex/generic/iftex/ifvtex.sty
Package: ifvtex 2019/10/25 v1.7 ifvtex legacy package. Use iftex instead.

(/usr/share/texmf-dist/tex/generic/iftex/iftex.sty
Package: iftex 2020/03/06 v1.0d TeX engine tests
))
\Gm@cnth=\count193
\Gm@cntv=\count194
\c@Gm@tempcnt=\count195
\Gm@bindingoffset=\dimen140
\Gm@wd@mp=\dimen141
\Gm@odd@mp=\dimen142
\Gm@even@mp=\dimen143
\Gm@layoutwidth=\dimen144
\Gm@layoutheight=\dimen145
\Gm@layouthoffset=\dimen146
\Gm@layoutvoffset=\dimen147
\Gm@dimlist=\toks19
)
(/usr/share/texmf-dist/tex/latex/tools/indentfirst.sty
Package: indentfirst 1995/11/23 v1.03 Indent first paragraph (DPC)
)
(/usr/share/texmf-dist/tex/latex/graphics/graphicx.sty
Package: graphicx 2021/09/16 v1.2d Enhanced LaTeX Graphics (DPC,SPQR)

(/usr/share/texmf-dist/tex/latex/graphics/graphics.sty
Package: graphics 2021/03/04 v1.4d Standard LaTeX Graphics (DPC,SPQR)

(/usr/share/texmf-dist/tex/latex/graphics/trig.sty
Package: trig 2021/08/11 v1.11 sin cos tan (DPC)
)
(/usr/share/texmf-dist/tex/latex/graphics-cfg/graphics.cfg
File: graphics.cfg 2016/06/04 v1.11 sample graphics configuration
)
Package graphics Info: Driver file: pdftex.def on input line 107.

(/usr/share/texmf-dist/tex/latex/graphics-def/pdftex.def
File: pdftex.def 2020/10/05 v1.2a Graphics/color driver for pdftex
))
\Gin@req@height=\dimen148
\Gin@req@width=\dimen149
)
(/usr/share/texmf-dist/tex/latex/psnfss/helvet.sty
Package: helvet 2020/03/25 PSNFSS-v9.3 (WaS) 
)
(/usr/share/texmf-dist/tex/latex/ragged2e/ragged2e.sty
Package: ragged2e 2021/12/15 v3.1 ragged2e Package

(/usr/share/texmf-dist/tex/latex/footmisc/footmisc.sty
Package: footmisc 2011/06/06 v5.5b a miscellany of footnote facilities
\FN@temptoken=\toks20
\footnotemargin=\dimen150
\c@pp@next@reset=\count196
Package footmisc Info: Declaring symbol style bringhurst on input line 855.
Package footmisc Info: Declaring symbol style chicago on input line 863.
Package footmisc Info: Declaring symbol style wiley on input line 872.
Package footmisc Info: Declaring symbol style lamport-robust on input line 883.

Package footmisc Info: Declaring symbol style lamport* on input line 903.
Package footmisc Info: Declaring symbol style lamport*-robust on input line 924
.
)
\CenteringLeftskip=\skip49
\RaggedLeftLeftskip=\skip50
\RaggedRightLeftskip=\skip51
\CenteringRightskip=\skip52
\RaggedLeftRightskip=\skip53
\RaggedRightRightskip=\skip54
\CenteringParfillskip=\skip55
\RaggedLeftParfillskip=\skip56
\RaggedRightParfillskip=\skip57
\JustifyingParfillskip=\skip58
\CenteringParindent=\skip59
\RaggedLeftParindent=\skip60
\RaggedRightParindent=\skip61
\JustifyingParindent=\skip62
)
(/usr/share/texmf-dist/tex/latex/setspace/setspace.sty
Package: setspace 2011/12/19 v6.7a set line spacing
)
(/usr/share/texmf-dist/tex/latex/lipsum/lipsum.sty
(/usr/share/texmf-dist/tex/latex/l3packages/l3keys2e/l3keys2e.sty
(/usr/share/texmf-dist/tex/latex/l3kernel/expl3.sty
Package: expl3 2021-11-22 L3 programming layer (loader) 

(/usr/share/texmf-dist/tex/latex/l3backend/l3backend-pdftex.def
File: l3backend-pdftex.def 2021-12-14 L3 backend support: PDF output (pdfTeX)
\l__color_backend_stack_int=\count197
\l__pdf_internal_box=\box50
))
Package: l3keys2e 2021-11-12 LaTeX2e option processing using LaTeX3 keys
)
Package: lipsum 2021-09-20 v2.7 150 paragraphs of Lorem Ipsum dummy text
\g__lipsum_par_int=\count198
\l__lipsum_a_int=\count199
\l__lipsum_b_int=\count266

(/usr/share/texmf-dist/tex/latex/lipsum/lipsum.ltd.tex))
(/usr/share/texmf-dist/tex/latex/hyphenat/hyphenat.sty
Package: hyphenat 2009/09/02 v2.3c hyphenation utilities
\langwohyphens=\language88
LaTeX Info: Redefining \_ on input line 43.
)
LaTeX Font Info:    Trying to load font information for OT1+phv on input line 7
9.

(/usr/share/texmf-dist/tex/latex/psnfss/ot1phv.fd
File: ot1phv.fd 2020/03/25 scalable font definitions for OT1/phv.
) (build/main.aux
(build/sections/pre_text/capa.aux) (build/sections/pre_text/folha_rosto.aux)
(build/sections/pre_text/ficha_catalografica.aux)
(build/sections/pre_text/folha_aprovacao.aux)
(build/sections/pre_text/resumo.aux))
\openout1 = `main.aux'.

LaTeX Font Info:    Checking defaults for OML/cmm/m/it on input line 79.
LaTeX Font Info:    ... okay on input line 79.
LaTeX Font Info:    Checking defaults for OMS/cmsy/m/n on input line 79.
LaTeX Font Info:    ... okay on input line 79.
LaTeX Font Info:    Checking defaults for OT1/cmr/m/n on input line 79.
LaTeX Font Info:    ... okay on input line 79.
LaTeX Font Info:    Checking defaults for T1/cmr/m/n on input line 79.
LaTeX Font Info:    ... okay on input line 79.
LaTeX Font Info:    Checking defaults for TS1/cmr/m/n on input line 79.
LaTeX Font Info:    ... okay on input line 79.
LaTeX Font Info:    Checking defaults for OMX/cmex/m/n on input line 79.
LaTeX Font Info:    ... okay on input line 79.
LaTeX Font Info:    Checking defaults for U/cmr/m/n on input line 79.
LaTeX Font Info:    ... okay on input line 79.

*geometry* driver: auto-detecting
*geometry* detected driver: pdftex
*geometry* verbose mode - [ preamble ] result:
* driver: pdftex
* paper: a4paper
* layout: <same size as paper>
* layoutoffset:(h,v)=(0.0pt,0.0pt)
* modes: 
* h-part:(L,W,R)=(85.35826pt, 455.24411pt, 56.9055pt)
* v-part:(T,H,B)=(85.35826pt, 702.78308pt, 56.9055pt)
* \paperwidth=597.50787pt
* \paperheight=845.04684pt
* \textwidth=455.24411pt
* \textheight=702.78308pt
* \oddsidemargin=13.08827pt
* \evensidemargin=13.08827pt
* \topmargin=-23.91173pt
* \headheight=12.0pt
* \headsep=25.0pt
* \topskip=12.0pt
* \footskip=30.0pt
* \marginparwidth=35.0pt
* \marginparsep=10.0pt
* \columnsep=10.0pt
* \skip\footins=10.8pt plus 4.0pt minus 2.0pt
* \hoffset=0.0pt
* \voffset=0.0pt
* \mag=1000
* \@twocolumnfalse
* \@twosidefalse
* \@mparswitchfalse
* \@reversemarginfalse
* (1in=72.27pt=25.4mm, 1cm=28.453pt)

(/usr/share/texmf-dist/tex/context/base/mkii/supp-pdf.mkii
[Loading MPS to PDF converter (version 2006.09.02).]
\scratchcounter=\count267
\scratchdimen=\dimen151
\scratchbox=\box51
\nofMPsegments=\count268
\nofMParguments=\count269
\everyMPshowfont=\toks21
\MPscratchCnt=\count270
\MPscratchDim=\dimen152
\MPnumerator=\count271
\makeMPintoPDFobject=\count272
\everyMPtoPDFconversion=\toks22
) (/usr/share/texmf-dist/tex/latex/epstopdf-pkg/epstopdf-base.sty
Package: epstopdf-base 2020-01-24 v2.11 Base part for package epstopdf

(/usr/share/texmf-dist/tex/generic/infwarerr/infwarerr.sty
Package: infwarerr 2019/12/03 v1.5 Providing info/warning/error messages (HO)
)
(/usr/share/texmf-dist/tex/latex/grfext/grfext.sty
Package: grfext 2019/12/03 v1.3 Manage graphics extensions (HO)

(/usr/share/texmf-dist/tex/generic/kvdefinekeys/kvdefinekeys.sty
Package: kvdefinekeys 2019-12-19 v1.6 Define keys (HO)
))
(/usr/share/texmf-dist/tex/latex/kvoptions/kvoptions.sty
Package: kvoptions 2020-10-07 v3.14 Key value format for package options (HO)

(/usr/share/texmf-dist/tex/generic/ltxcmds/ltxcmds.sty
Package: ltxcmds 2020-05-10 v1.25 LaTeX kernel commands for general use (HO)
)
(/usr/share/texmf-dist/tex/generic/kvsetkeys/kvsetkeys.sty
Package: kvsetkeys 2019/12/15 v1.18 Key value parser (HO)
))
(/usr/share/texmf-dist/tex/generic/pdftexcmds/pdftexcmds.sty
Package: pdftexcmds 2020-06-27 v0.33 Utility functions of pdfTeX for LuaTeX (HO
)
Package pdftexcmds Info: \pdf@primitive is available.
Package pdftexcmds Info: \pdf@ifprimitive is available.
Package pdftexcmds Info: \pdfdraftmode found.
)
Package epstopdf-base Info: Redefining graphics rule for `.eps' on input line 4
85.
Package grfext Info: Graphics extension search list:
(grfext)             [.pdf,.png,.jpg,.mps,.jpeg,.jbig2,.jb2,.PDF,.PNG,.JPG,.JPE
G,.JBIG2,.JB2,.eps]
(grfext)             \AppendGraphicsExtensions on input line 504.

(/usr/share/texmf-dist/tex/latex/latexconfig/epstopdf-sys.cfg
File: epstopdf-sys.cfg 2010/07/13 v1.3 Configuration of (r)epstopdf for TeX Liv
e
))
Package ragged2e Info: ABD: executing \RaggedRight on input line 79.
\openout2 = `sections/pre_text/capa.aux'.


(./sections/pre_text/capa.tex
Underfull \hbox (badness 10000) in paragraph at lines 6--7
 []\OT1/phv/b/n/12 FACULDADE SE-NAC BLU-ME-NAU 
 []


Underfull \hbox (badness 2671) in paragraph at lines 9--10
 []\OT1/phv/b/n/12 Gradua[][]ao em An[]alise e De-sen-vol-vi-mento de Sis-te-ma
s 
 []


Underfull \hbox (badness 10000) in paragraph at lines 13--13
 []\OT1/phv/b/n/12 Marcel E. Cat-ta-neo 
 []


Underfull \hbox (badness 10000) in paragraph at lines 13--13
 []\OT1/phv/b/n/12 Arthur Klung 
 []


Underfull \hbox (badness 10000) in paragraph at lines 13--13
 []\OT1/phv/b/n/12 Rodrigo Lessa 
 []


Underfull \hbox (badness 10000) in paragraph at lines 13--14
 []\OT1/phv/b/n/12 Lucas 
 []


Underfull \hbox (badness 10000) in paragraph at lines 17--17
 []\OT1/phv/b/n/12 COMO A COMPUTA[][]AO EM NU-VEM IR[]A 
 []


Underfull \hbox (badness 10000) in paragraph at lines 17--18
 []\OT1/phv/b/n/12 REVOLUCIONAR O MUNDO DOS GA-MES 
 []


Underfull \hbox (badness 10000) in paragraph at lines 21--21
 []\OT1/phv/b/n/12 Blumenau 
 []


Underfull \hbox (badness 10000) in paragraph at lines 22--23
 []\OT1/phv/b/n/12 2022 
 []

) [1


{/var/lib/texmf/fonts/map/pdftex/updmap/pdftex.map}]
\openout2 = `sections/pre_text/folha_rosto.aux'.


(./sections/pre_text/folha_rosto.tex
Underfull \hbox (badness 10000) in paragraph at lines 5--5
 []\OT1/phv/b/n/12 Marcel E. Cat-ta-neo 
 []


Underfull \hbox (badness 10000) in paragraph at lines 5--5
 []\OT1/phv/b/n/12 Arthur Klung 
 []


Underfull \hbox (badness 10000) in paragraph at lines 5--5
 []\OT1/phv/b/n/12 Rodrigo Lessa 
 []


Underfull \hbox (badness 10000) in paragraph at lines 5--6
 []\OT1/phv/b/n/12 Lucas 
 []


Underfull \hbox (badness 10000) in paragraph at lines 9--9
 []\OT1/phv/b/n/12 COMO A COMPUTA[][]AO EM NU-VEM IR[]A 
 []


Underfull \hbox (badness 10000) in paragraph at lines 9--10
 []\OT1/phv/b/n/12 REVOLUCIONAR O MUNDO DOS GA-MES 
 []


Underfull \hbox (badness 3601) in paragraph at lines 17--18
\OT1/phv/m/n/12 Blu-me-nau como re-qui-sito par-cial para
 []


Underfull \hbox (badness 3612) in paragraph at lines 17--18
\OT1/phv/m/n/12 obten[][]ao do t[]^^Ptulo de Gradua[][]ao em
 []

LaTeX Font Info:    External font `cmex10' loaded for size
(Font)              <12> on input line 20.
LaTeX Font Info:    External font `cmex10' loaded for size
(Font)              <8> on input line 20.
LaTeX Font Info:    External font `cmex10' loaded for size
(Font)              <6> on input line 20.

Underfull \hbox (badness 10000) in paragraph at lines 24--24
 []\OT1/phv/b/n/12 Blumenau 
 []


Underfull \hbox (badness 10000) in paragraph at lines 25--26
 []\OT1/phv/b/n/12 2022 
 []

) [2



]
\openout2 = `sections/pre_text/ficha_catalografica.aux'.

 (./sections/pre_text/ficha_catalografica.tex
Overfull \hbox (17.27036pt too wide) in paragraph at lines 27--27
[]  []  
 []

) [3



]
\openout2 = `sections/pre_text/folha_aprovacao.aux'.

 (./sections/pre_text/folha_aprovacao.tex
Underfull \hbox (badness 10000) in paragraph at lines 4--4
 []\OT1/phv/b/n/12 Marcel E. Cat-ta-neo 
 []


Underfull \hbox (badness 10000) in paragraph at lines 4--4
 []\OT1/phv/b/n/12 Arthur Klung 
 []


Underfull \hbox (badness 10000) in paragraph at lines 4--4
 []\OT1/phv/b/n/12 Rodrigo Lessa 
 []


Underfull \hbox (badness 10000) in paragraph at lines 4--5
 []\OT1/phv/b/n/12 Lucas 
 []


Underfull \hbox (badness 10000) in paragraph at lines 8--8
 []\OT1/phv/b/n/12 COMO A COMPUTA[][]AO EM NU-VEM IR[]A 
 []


Underfull \hbox (badness 10000) in paragraph at lines 8--9
 []\OT1/phv/b/n/12 REVOLUCIONAR O MUNDO DOS GA-MES 
 []


Underfull \hbox (badness 3601) in paragraph at lines 16--17
\OT1/phv/m/n/12 Blu-me-nau como re-qui-sito par-cial para
 []


Underfull \hbox (badness 3612) in paragraph at lines 16--17
\OT1/phv/m/n/12 obten[][]ao do t[]^^Ptulo de Gradua[][]ao em
 []


Underfull \hbox (badness 10000) in paragraph at lines 21--21
 [] 
 []


Underfull \hbox (badness 10000) in paragraph at lines 22--23
 []\OT1/phv/m/n/12 Diego Pas-qua-lini 
 []


Underfull \hbox (badness 10000) in paragraph at lines 25--26
 []\OT1/phv/m/n/12 Blumenau , 10 de Abril de  2022 
 []

) [4



]
\openout2 = `sections/pre_text/resumo.aux'.

 (./sections/pre_text/resumo.tex
Underfull \hbox (badness 10000) in paragraph at lines 3--4
 []\OT1/phv/b/n/12 RESUMO 
 []


Overfull \hbox (3.86996pt too wide) in paragraph at lines 8--8
\OT1/phv/m/n/12 tur-pis. Cu-ra-bi-tur rhon-cus ne-que eu dui. Etiam vi-tae ma-g
na. Nam ul-la-m-cor-per. Prae-sent
 []

) [5



] (build/main.toc)
\tf@toc=\write3
\openout3 = `main.toc'.

 [6


] [7] [8] [9] [10] [11] [12] (build/main.aux
(build/sections/pre_text/capa.aux) (build/sections/pre_text/folha_rosto.aux)
(build/sections/pre_text/ficha_catalografica.aux)
(build/sections/pre_text/folha_aprovacao.aux)
(build/sections/pre_text/resumo.aux)) ) 
Here is how much of TeX's memory you used:
 4387 strings out of 478353
 83055 string characters out of 5854635
 475953 words of memory out of 5000000
 22408 multiletter control sequences out of 15000+600000
 416403 words of font info for 49 fonts, out of 8000000 for 9000
 1141 hyphenation exceptions out of 8191
 68i,7n,77p,247b,268s stack positions out of 5000i,500n,10000p,200000b,80000s
{/usr/share/texmf-dist/fonts/enc/dvips/b
ase/8r.enc}</usr/share/texmf-dist/fonts/type1/urw/helvetic/uhvb8a.pfb></usr/sha
re/texmf-dist/fonts/type1/urw/helvetic/uhvr8a.pfb>
Output written on build/main.pdf (12 pages, 29900 bytes).
PDF statistics:
 54 PDF objects out of 1000 (max. 8388607)
 35 compressed objects within 1 object stream
 0 named destinations out of 1000 (max. 500000)
 1 words of extra memory for PDF output out of 10000 (max. 10000000)

